<?xml version="1.0" encoding="UTF-8"?>
<!-- Generated by org.testng.reporters.JUnitReportReporter -->
<testsuite skipped="0" hostname="EN510032" name="NewTest" tests="2" failures="0" timestamp="15 May 2019 10:48:28 GMT" time="10.802" errors="0">
  <testcase name="testGooglePageTitleInChromeBrowserLokal" time="10.794" classname="NewTest"/>
  <testcase name="f" time="0.008" classname="NewTest"/>
</testsuite> <!-- NewTest -->
