<?xml version="1.0" encoding="UTF-8"?>
<!-- Generated by org.testng.reporters.JUnitReportReporter -->
<testsuite hostname="EN510032" name="tests.UploadProfileImage" tests="1" failures="0" timestamp="19 May 2019 21:09:11 GMT" time="22.513" errors="0">
  <testcase name="testUploadProfileImage" time="22.513" classname="tests.UploadProfileImage"/>
</testsuite> <!-- tests.UploadProfileImage -->
