<?xml version="1.0" encoding="UTF-8"?>
<!-- Generated by org.testng.reporters.JUnitReportReporter -->
<testsuite hostname="EN510032" name="tests.FirstTestCase" tests="1" failures="0" timestamp="21 May 2019 14:04:20 GMT" time="11.906" errors="0">
  <testcase name="firstTestCase" time="11.906" classname="tests.FirstTestCase"/>
</testsuite> <!-- tests.FirstTestCase -->
