<?xml version="1.0" encoding="UTF-8"?>
<!-- Generated by org.testng.reporters.JUnitReportReporter -->
<testsuite hostname="EN510032" name="tests.CreateTopicAndConclusion" tests="1" failures="0" timestamp="19 May 2019 21:08:26 GMT" time="30.786" errors="0">
  <testcase name="testCreateTopicAndConclusion" time="30.786" classname="tests.CreateTopicAndConclusion"/>
</testsuite> <!-- tests.CreateTopicAndConclusion -->
