<?xml version="1.0" encoding="UTF-8"?>
<!-- Generated by org.testng.reporters.JUnitReportReporter -->
<testsuite hostname="EN510032" name="tests.CheckConcludedTopic" tests="1" failures="0" timestamp="19 May 2019 21:09:59 GMT" time="20.593" errors="0">
  <testcase name="testCheckConcludedTopic" time="20.593" classname="tests.CheckConcludedTopic"/>
</testsuite> <!-- tests.CheckConcludedTopic -->
